[16Jan2025 00:02:10.426] [pool-7-thread-4/INFO] [Supplementaries/]: Searching for closest structure among [ResourceKey[minecraft:worldgen/structure / minecraft:village_desert], ResourceKey[minecraft:worldgen/structure / minecraft:village_plains], ResourceKey[minecraft:worldgen/structure / minecraft:village_savanna], ResourceKey[minecraft:worldgen/structure / minecraft:village_taiga], ResourceKey[minecraft:worldgen/structure / minecraft:village_snowy]] from pos BlockPos{x=1861, y=69, z=1579}
[16Jan2025 00:03:09.510] [Worker-Main-38/ERROR] [net.minecraft.world.entity.decoration.HangingEntity/]: Hanging entity at invalid position: BlockPos{x=217, y=48, z=159}
[16Jan2025 00:03:31.423] [Server thread/INFO] [net.minecraft.server.MinecraftServer/]: xDogSaur has made the advancement [Safe Haven]
[16Jan2025 00:03:40.059] [Server thread/INFO] [net.minecraft.server.MinecraftServer/]: Afarfa has made the advancement [Safe Haven]
[16Jan2025 00:03:53.880] [Server thread/WARN] [net.minecraft.server.level.ServerPlayerGameMode/]: Mismatch in destroy block pos: BlockPos{x=1857, y=64, z=1413} BlockPos{x=1856, y=62, z=1414}
[16Jan2025 00:04:12.478] [Server thread/INFO] [net.minecraft.server.MinecraftServer/]: xDogSaur has made the advancement [Call For Adventure]
[16Jan2025 00:05:34.463] [Server thread/INFO] [net.minecraft.server.MinecraftServer/]: [xDogSaur: Gave 1 [Diamond Shovel] to xDogSaur]
[16Jan2025 00:06:04.111] [Server thread/INFO] [net.minecraft.server.MinecraftServer/]: Afarfa has made the advancement [Diamonds!]
[16Jan2025 00:06:35.168] [Server thread/INFO] [net.minecraft.server.MinecraftServer/]: [xDogSaur: Gave 1 [Coral Bardiche] to xDogSaur]
[16Jan2025 00:09:14.259] [Server thread/INFO] [net.minecraft.server.MinecraftServer/]: Afarfa has made the advancement [Stone Age]
[16Jan2025 00:09:57.420] [Server thread/INFO] [net.minecraft.server.MinecraftServer/]: Afarfa has made the advancement [Sweet Dreams]
[16Jan2025 00:11:42.647] [Server thread/INFO] [net.minecraft.server.MinecraftServer/]: [xDogSaur: Set the weather to clear]
[16Jan2025 00:14:30.288] [Server thread/INFO] [net.minecraft.server.MinecraftServer/]: [xDogSaur: Gave 1 [Anvil] to xDogSaur]
[16Jan2025 00:17:19.781] [Server thread/INFO] [net.minecraft.server.MinecraftServer/]: [xDogSaur: Applied effect Night Vision to xDogSaur]
[16Jan2025 00:17:30.010] [Server thread/INFO] [net.minecraft.server.MinecraftServer/]: [xDogSaur: Gave 1 [Shield] to xDogSaur]
[16Jan2025 00:17:50.464] [Server thread/INFO] [net.minecraft.server.MinecraftServer/]: Afarfa has made the advancement [Isn't It Iron Pick]
[16Jan2025 00:18:32.658] [Server thread/INFO] [net.minecraft.server.MinecraftServer/]: xDogSaur was slain by Skeleton
[16Jan2025 00:18:56.959] [Server thread/INFO] [net.minecraft.server.MinecraftServer/]: [xDogSaur: Teleported xDogSaur to 1797.500000, -1.500000, 1460.500000]
[16Jan2025 00:19:02.359] [Server thread/INFO] [net.minecraft.server.MinecraftServer/]: xDogSaur was slain by Skeleton
[16Jan2025 00:19:06.443] [Server thread/INFO] [net.minecraft.server.MinecraftServer/]: [xDogSaur: Teleported xDogSaur to 1798.500000, -1.500000, 1456.500000]
[16Jan2025 00:19:31.147] [Server thread/INFO] [net.minecraft.server.MinecraftServer/]: [xDogSaur: Applied effect Night Vision to xDogSaur]
[16Jan2025 00:21:40.761] [Server thread/INFO] [net.minecraft.server.MinecraftServer/]: Afarfa has made the advancement [Not Today, Thank You]
